VuforiaSamples-7-0-47-Pre/app/build/outputs/logs/manifest-merger-debug-report.txt
-- Merging decision tree log ---
manifest
ADDED from src\main\AndroidManifest.xml:2:1-212:12
INJECTED from src\main\AndroidManifest.xml:2:1-212:12
INJECTED from src\main\AndroidManifest.xml:2:1-212:12
INJECTED from src\main\AndroidManifest.xml:2:1-212:12
MERGED from [com.estimote:sdk:1.0.12] AndroidManifest.xml:2:1-17:12
MERGED from [com.android.support:appcompat-v7:22.2.1] AndroidManifest.xml:17:1-24:12
MERGED from [com.android.support.constraint:constraint-layout:1.1.0] AndroidManifest.xml:2:1-11:12
MERGED from [com.google.android.gms:play-services-maps:15.0.1] AndroidManifest.xml:17:1-32:12
MERGED from [com.estimote:mgmtsdk:1.0.11] AndroidManifest.xml:2:1-29:12
MERGED from [com.estimote:management-sdk:0.0.2] AndroidManifest.xml:2:1-16:12
MERGED from [com.estimote:cloud-plugin:0.0.2] AndroidManifest.xml:2:1-16:12
MERGED from [com.estimote:internal-plugins-api:0.0.1] AndroidManifest.xml:2:1-16:12
MERGED from [com.estimote:coresdk:1.0.9] AndroidManifest.xml:2:1-34:12
MERGED from [com.google.android.gms:play-services-base:15.0.1] AndroidManifest.xml:17:1-29:12
MERGED from [com.google.android.gms:play-services-tasks:15.0.1] AndroidManifest.xml:2:1-9:12
MERGED from [com.google.android.gms:play-services-basement:15.0.1] AndroidManifest.xml:17:1-28:12
MERGED from [com.android.support:support-v4:26.1.0] AndroidManifest.xml:17:1-31:12
MERGED from [com.android.support:support-media-compat:26.1.0] AndroidManifest.xml:17:1-31:12
MERGED from [com.android.support:support-fragment:26.1.0] AndroidManifest.xml:17:1-31:12
MERGED from [com.android.support:support-core-utils:26.1.0] AndroidManifest.xml:17:1-31:12
MERGED from [com.android.support:support-core-ui:26.1.0] AndroidManifest.xml:17:1-31:12
MERGED from [com.android.support:support-compat:26.1.0] AndroidManifest.xml:17:1-31:12
MERGED from [io.reactivex.rxjava2:rxandroid:2.0.1] AndroidManifest.xml:15:1-21:12
MERGED from [android.arch.lifecycle:runtime:1.0.0] AndroidManifest.xml:17:1-30:12
INJECTED from src\main\AndroidManifest.xml:2:1-212:12
INJECTED from src\main\AndroidManifest.xml:2:1-212:12
INJECTED from src\main\AndroidManifest.xml:2:1-212:12
	package
		ADDED from src\main\AndroidManifest.xml:3:5-49
		INJECTED from src\main\AndroidManifest.xml
		INJECTED from src\main\AndroidManifest.xml
	android:versionName
		ADDED from src\main\AndroidManifest.xml:5:5-30
		INJECTED from src\main\AndroidManifest.xml
		INJECTED from src\main\AndroidManifest.xml
	xmlns:android
		ADDED from src\main\AndroidManifest.xml:2:11-69
	android:versionCode
		ADDED from src\main\AndroidManifest.xml:4:5-30
		INJECTED from src\main\AndroidManifest.xml
		INJECTED from src\main\AndroidManifest.xml
uses-sdk
ADDED from src\main\AndroidManifest.xml:13:5-15:41
INJECTED from src\main\AndroidManifest.xml:13:5-15:41
INJECTED from src\main\AndroidManifest.xml:13:5-15:41
MERGED from [com.estimote:sdk:1.0.12] AndroidManifest.xml:7:5-9:41
MERGED from [com.estimote:sdk:1.0.12] AndroidManifest.xml:7:5-9:41
MERGED from [com.android.support:appcompat-v7:22.2.1] AndroidManifest.xml:20:5-43
MERGED from [com.android.support:appcompat-v7:22.2.1] AndroidManifest.xml:20:5-43
MERGED from [com.android.support.constraint:constraint-layout:1.1.0] AndroidManifest.xml:5:5-7:41
MERGED from [com.android.support.constraint:constraint-layout:1.1.0] AndroidManifest.xml:5:5-7:41
MERGED from [com.google.android.gms:play-services-maps:15.0.1] AndroidManifest.xml:20:5-44
MERGED from [com.google.android.gms:play-services-maps:15.0.1] AndroidManifest.xml:20:5-44
MERGED from [com.estimote:mgmtsdk:1.0.11] AndroidManifest.xml:7:5-43
MERGED from [com.estimote:mgmtsdk:1.0.11] AndroidManifest.xml:7:5-43
MERGED from [com.estimote:management-sdk:0.0.2] AndroidManifest.xml:7:5-9:41
MERGED from [com.estimote:management-sdk:0.0.2] AndroidManifest.xml:7:5-9:41
MERGED from [com.estimote:cloud-plugin:0.0.2] AndroidManifest.xml:7:5-9:41
MERGED from [com.estimote:cloud-plugin:0.0.2] AndroidManifest.xml:7:5-9:41
MERGED from [com.estimote:internal-plugins-api:0.0.1] AndroidManifest.xml:7:5-9:41
MERGED from [com.estimote:internal-plugins-api:0.0.1] AndroidManifest.xml:7:5-9:41
MERGED from [com.estimote:coresdk:1.0.9] AndroidManifest.xml:7:5-43
MERGED from [com.estimote:coresdk:1.0.9] AndroidManifest.xml:7:5-43
MERGED from [com.google.android.gms:play-services-base:15.0.1] AndroidManifest.xml:20:5-44
MERGED from [com.google.android.gms:play-services-base:15.0.1] AndroidManifest.xml:20:5-44
MERGED from [com.google.android.gms:play-services-tasks:15.0.1] AndroidManifest.xml:5:5-44
MERGED from [com.google.android.gms:play-services-tasks:15.0.1] AndroidManifest.xml:5:5-44
MERGED from [com.google.android.gms:play-services-basement:15.0.1] AndroidManifest.xml:20:5-44
MERGED from [com.google.android.gms:play-services-basement:15.0.1] AndroidManifest.xml:20:5-44
MERGED from [com.android.support:support-v4:26.1.0] AndroidManifest.xml:21:5-23:54
MERGED from [com.android.support:support-v4:26.1.0] AndroidManifest.xml:21:5-23:54
MERGED from [com.android.support:support-media-compat:26.1.0] AndroidManifest.xml:21:5-23:63
MERGED from [com.android.support:support-media-compat:26.1.0] AndroidManifest.xml:21:5-23:63
MERGED from [com.android.support:support-fragment:26.1.0] AndroidManifest.xml:21:5-23:60
MERGED from [com.android.support:support-fragment:26.1.0] AndroidManifest.xml:21:5-23:60
MERGED from [com.android.support:support-core-utils:26.1.0] AndroidManifest.xml:21:5-23:61
MERGED from [com.android.support:support-core-utils:26.1.0] AndroidManifest.xml:21:5-23:61
MERGED from [com.android.support:support-core-ui:26.1.0] AndroidManifest.xml:21:5-23:58
MERGED from [com.android.support:support-core-ui:26.1.0] AndroidManifest.xml:21:5-23:58
MERGED from [com.android.support:support-compat:26.1.0] AndroidManifest.xml:21:5-23:58
MERGED from [com.android.support:support-compat:26.1.0] AndroidManifest.xml:21:5-23:58
MERGED from [io.reactivex.rxjava2:rxandroid:2.0.1] AndroidManifest.xml:19:5-43
MERGED from [io.reactivex.rxjava2:rxandroid:2.0.1] AndroidManifest.xml:19:5-43
MERGED from [android.arch.lifecycle:runtime:1.0.0] AndroidManifest.xml:20:5-22:41
MERGED from [android.arch.lifecycle:runtime:1.0.0] AndroidManifest.xml:20:5-22:41
INJECTED from src\main\AndroidManifest.xml:13:5-15:41
INJECTED from src\main\AndroidManifest.xml:13:5-15:41
	tools:overrideLibrary
		ADDED from [com.android.support:support-v4:26.1.0] AndroidManifest.xml:23:9-51
	android:targetSdkVersion
		ADDED from src\main\AndroidManifest.xml:15:9-38
		INJECTED from src\main\AndroidManifest.xml
		INJECTED from src\main\AndroidManifest.xml
	android:minSdkVersion
		ADDED from src\main\AndroidManifest.xml:14:9-35
		INJECTED from src\main\AndroidManifest.xml
		INJECTED from src\main\AndroidManifest.xml
uses-feature#0x00020000
ADDED from src\main\AndroidManifest.xml:17:5-54
MERGED from [com.google.android.gms:play-services-maps:15.0.1] AndroidManifest.xml:26:5-28:35
MERGED from [com.google.android.gms:play-services-maps:15.0.1] AndroidManifest.xml:26:5-28:35
	android:glEsVersion
		ADDED from src\main\AndroidManifest.xml:17:19-51
	android:required
		ADDED from [com.google.android.gms:play-services-maps:15.0.1] AndroidManifest.xml:28:9-32
uses-feature#android.hardware.camera
ADDED from src\main\AndroidManifest.xml:33:5-60
	android:name
		ADDED from src\main\AndroidManifest.xml:33:19-57
uses-permission#android.permission.CAMERA
ADDED from src\main\AndroidManifest.xml:36:5-65
	android:name
		ADDED from src\main\AndroidManifest.xml:36:22-62
uses-permission#android.permission.INTERNET
ADDED from src\main\AndroidManifest.xml:39:5-67
MERGED from [com.google.android.gms:play-services-maps:15.0.1] AndroidManifest.xml:24:5-67
MERGED from [com.google.android.gms:play-services-maps:15.0.1] AndroidManifest.xml:24:5-67
MERGED from [com.estimote:mgmtsdk:1.0.11] AndroidManifest.xml:15:5-67
MERGED from [com.estimote:mgmtsdk:1.0.11] AndroidManifest.xml:15:5-67
MERGED from [com.estimote:coresdk:1.0.9] AndroidManifest.xml:15:5-67
MERGED from [com.estimote:coresdk:1.0.9] AndroidManifest.xml:15:5-67
	android:name
		ADDED from src\main\AndroidManifest.xml:39:22-64
uses-permission#android.permission.ACCESS_NETWORK_STATE
ADDED from src\main\AndroidManifest.xml:45:5-79
MERGED from [com.google.android.gms:play-services-maps:15.0.1] AndroidManifest.xml:23:5-79
MERGED from [com.google.android.gms:play-services-maps:15.0.1] AndroidManifest.xml:23:5-79
MERGED from [com.estimote:mgmtsdk:1.0.11] AndroidManifest.xml:16:5-79
MERGED from [com.estimote:mgmtsdk:1.0.11] AndroidManifest.xml:16:5-79
MERGED from [com.estimote:coresdk:1.0.9] AndroidManifest.xml:16:5-79
MERGED from [com.estimote:coresdk:1.0.9] AndroidManifest.xml:16:5-79
	android:name
		ADDED from src\main\AndroidManifest.xml:45:22-76
uses-permission#android.permission.READ_EXTERNAL_STORAGE
ADDED from src\main\AndroidManifest.xml:46:5-80
	android:name
		ADDED from src\main\AndroidManifest.xml:46:22-77
uses-permission#android.permission.WRITE_EXTERNAL_STORAGE
ADDED from src\main\AndroidManifest.xml:47:5-81
	android:name
		ADDED from src\main\AndroidManifest.xml:47:22-78
uses-permission#android.permission.READ_PHONE_STATE
ADDED from src\main\AndroidManifest.xml:48:5-75
	android:name
		ADDED from src\main\AndroidManifest.xml:48:22-72
uses-permission#android.permission.BLUETOOTH
ADDED from src\main\AndroidManifest.xml:49:5-68
MERGED from [com.estimote:mgmtsdk:1.0.11] AndroidManifest.xml:10:5-68
MERGED from [com.estimote:mgmtsdk:1.0.11] AndroidManifest.xml:10:5-68
MERGED from [com.estimote:coresdk:1.0.9] AndroidManifest.xml:10:5-68
MERGED from [com.estimote:coresdk:1.0.9] AndroidManifest.xml:10:5-68
	android:name
		ADDED from src\main\AndroidManifest.xml:49:22-65
uses-permission#android.permission.ACCESS_FINE_LOCATION
ADDED from src\main\AndroidManifest.xml:56:5-79
	android:name
		ADDED from src\main\AndroidManifest.xml:56:22-76
application
ADDED from src\main\AndroidManifest.xml:68:5-210:19
MERGED from [com.estimote:sdk:1.0.12] AndroidManifest.xml:11:5-15:19
MERGED from [com.estimote:sdk:1.0.12] AndroidManifest.xml:11:5-15:19
MERGED from [com.android.support:appcompat-v7:22.2.1] AndroidManifest.xml:22:5-20
MERGED from [com.android.support:appcompat-v7:22.2.1] AndroidManifest.xml:22:5-20
MERGED from [com.android.support.constraint:constraint-layout:1.1.0] AndroidManifest.xml:9:5-20
MERGED from [com.android.support.constraint:constraint-layout:1.1.0] AndroidManifest.xml:9:5-20
MERGED from [com.google.android.gms:play-services-maps:15.0.1] AndroidManifest.xml:30:5-20
MERGED from [com.google.android.gms:play-services-maps:15.0.1] AndroidManifest.xml:30:5-20
MERGED from [com.estimote:mgmtsdk:1.0.11] AndroidManifest.xml:22:5-27:19
MERGED from [com.estimote:mgmtsdk:1.0.11] AndroidManifest.xml:22:5-27:19
MERGED from [com.estimote:management-sdk:0.0.2] AndroidManifest.xml:11:5-14:19
MERGED from [com.estimote:management-sdk:0.0.2] AndroidManifest.xml:11:5-14:19
MERGED from [com.estimote:cloud-plugin:0.0.2] AndroidManifest.xml:11:5-14:19
MERGED from [com.estimote:cloud-plugin:0.0.2] AndroidManifest.xml:11:5-14:19
MERGED from [com.estimote:internal-plugins-api:0.0.1] AndroidManifest.xml:11:5-14:19
MERGED from [com.estimote:internal-plugins-api:0.0.1] AndroidManifest.xml:11:5-14:19
MERGED from [com.estimote:coresdk:1.0.9] AndroidManifest.xml:22:5-32:19
MERGED from [com.estimote:coresdk:1.0.9] AndroidManifest.xml:22:5-32:19
MERGED from [com.google.android.gms:play-services-base:15.0.1] AndroidManifest.xml:22:5-27:19
MERGED from [com.google.android.gms:play-services-base:15.0.1] AndroidManifest.xml:22:5-27:19
MERGED from [com.google.android.gms:play-services-tasks:15.0.1] AndroidManifest.xml:7:5-20
MERGED from [com.google.android.gms:play-services-tasks:15.0.1] AndroidManifest.xml:7:5-20
MERGED from [com.google.android.gms:play-services-basement:15.0.1] AndroidManifest.xml:22:5-26:19
MERGED from [com.google.android.gms:play-services-basement:15.0.1] AndroidManifest.xml:22:5-26:19
MERGED from [com.android.support:support-v4:26.1.0] AndroidManifest.xml:25:5-29:19
MERGED from [com.android.support:support-v4:26.1.0] AndroidManifest.xml:25:5-29:19
MERGED from [com.android.support:support-media-compat:26.1.0] AndroidManifest.xml:25:5-29:19
MERGED from [com.android.support:support-media-compat:26.1.0] AndroidManifest.xml:25:5-29:19
MERGED from [com.android.support:support-fragment:26.1.0] AndroidManifest.xml:25:5-29:19
MERGED from [com.android.support:support-fragment:26.1.0] AndroidManifest.xml:25:5-29:19
MERGED from [com.android.support:support-core-utils:26.1.0] AndroidManifest.xml:25:5-29:19
MERGED from [com.android.support:support-core-utils:26.1.0] AndroidManifest.xml:25:5-29:19
MERGED from [com.android.support:support-core-ui:26.1.0] AndroidManifest.xml:25:5-29:19
MERGED from [com.android.support:support-core-ui:26.1.0] AndroidManifest.xml:25:5-29:19
MERGED from [com.android.support:support-compat:26.1.0] AndroidManifest.xml:25:5-29:19
MERGED from [com.android.support:support-compat:26.1.0] AndroidManifest.xml:25:5-29:19
MERGED from [android.arch.lifecycle:runtime:1.0.0] AndroidManifest.xml:24:5-28:19
MERGED from [android.arch.lifecycle:runtime:1.0.0] AndroidManifest.xml:24:5-28:19
	android:supportsRtl
		ADDED from [com.estimote:sdk:1.0.12] AndroidManifest.xml:14:9-35
	android:label
		ADDED from src\main\AndroidManifest.xml:72:9-41
	android:launchMode
		ADDED from src\main\AndroidManifest.xml:73:9-40
	android:icon
		ADDED from src\main\AndroidManifest.xml:71:9-38
	android:allowBackup
		ADDED from src\main\AndroidManifest.xml:69:9-35
	android:description
		ADDED from src\main\AndroidManifest.xml:70:9-54
	android:theme
		ADDED from src\main\AndroidManifest.xml:74:9-47
activity#com.vuforia.samples.VuforiaSamples.ui.ActivityList.ActivitySplashScreen
ADDED from src\main\AndroidManifest.xml:91:9-101:20
	android:screenOrientation
		ADDED from src\main\AndroidManifest.xml:95:13-49
	android:noHistory
		ADDED from src\main\AndroidManifest.xml:94:13-37
	android:configChanges
		ADDED from src\main\AndroidManifest.xml:93:13-93
	android:name
		ADDED from src\main\AndroidManifest.xml:92:13-65
intent-filter#action:name:android.intent.action.MAIN+category:name:android.intent.category.LAUNCHER
ADDED from src\main\AndroidManifest.xml:96:13-100:29
action#android.intent.action.MAIN
ADDED from src\main\AndroidManifest.xml:97:17-69
	android:name
		ADDED from src\main\AndroidManifest.xml:97:25-66
category#android.intent.category.LAUNCHER
ADDED from src\main\AndroidManifest.xml:99:17-77
	android:name
		ADDED from src\main\AndroidManifest.xml:99:27-74
activity#com.vuforia.samples.VuforiaSamples.ui.ActivityList.ActivityLauncher
ADDED from src\main\AndroidManifest.xml:102:9-105:52
	android:screenOrientation
		ADDED from src\main\AndroidManifest.xml:105:13-49
	android:configChanges
		ADDED from src\main\AndroidManifest.xml:104:13-93
	android:name
		ADDED from src\main\AndroidManifest.xml:103:13-61
activity#com.vuforia.samples.VuforiaSamples.ui.ActivityList.AboutScreen
ADDED from src\main\AndroidManifest.xml:106:9-110:52
	android:screenOrientation
		ADDED from src\main\AndroidManifest.xml:110:13-49
	android:noHistory
		ADDED from src\main\AndroidManifest.xml:109:13-37
	android:configChanges
		ADDED from src\main\AndroidManifest.xml:108:13-93
	android:name
		ADDED from src\main\AndroidManifest.xml:107:13-56
activity#com.vuforia.samples.VuforiaSamples.app.ImageTargets.ImageTargets
ADDED from src\main\AndroidManifest.xml:111:9-115:54
	android:launchMode
		ADDED from src\main\AndroidManifest.xml:114:13-44
	android:configChanges
		ADDED from src\main\AndroidManifest.xml:113:13-93
	android:theme
		ADDED from src\main\AndroidManifest.xml:115:13-51
	android:name
		ADDED from src\main\AndroidManifest.xml:112:13-58
activity#com.vuforia.samples.VuforiaSamples.app.VuMark.VuMark
ADDED from src\main\AndroidManifest.xml:116:9-120:54
	android:launchMode
		ADDED from src\main\AndroidManifest.xml:119:13-44
	android:configChanges
		ADDED from src\main\AndroidManifest.xml:118:13-93
	android:theme
		ADDED from src\main\AndroidManifest.xml:120:13-51
	android:name
		ADDED from src\main\AndroidManifest.xml:117:13-46
activity#com.vuforia.samples.VuforiaSamples.app.TextRecognition.TextReco
ADDED from src\main\AndroidManifest.xml:121:9-125:54
	android:launchMode
		ADDED from src\main\AndroidManifest.xml:124:13-44
	android:configChanges
		ADDED from src\main\AndroidManifest.xml:123:13-93
	android:theme
		ADDED from src\main\AndroidManifest.xml:125:13-51
	android:name
		ADDED from src\main\AndroidManifest.xml:122:13-57
activity#com.vuforia.samples.VuforiaSamples.app.CylinderTargets.CylinderTargets
ADDED from src\main\AndroidManifest.xml:126:9-130:54
	android:launchMode
		ADDED from src\main\AndroidManifest.xml:129:13-44
	android:configChanges
		ADDED from src\main\AndroidManifest.xml:128:13-93
	android:theme
		ADDED from src\main\AndroidManifest.xml:130:13-51
	android:name
		ADDED from src\main\AndroidManifest.xml:127:13-64
activity#com.vuforia.samples.VuforiaSamples.app.VirtualButtons.VirtualButtons
ADDED from src\main\AndroidManifest.xml:131:9-135:54
	android:launchMode
		ADDED from src\main\AndroidManifest.xml:134:13-44
	android:configChanges
		ADDED from src\main\AndroidManifest.xml:133:13-93
	android:theme
		ADDED from src\main\AndroidManifest.xml:135:13-51
	android:name
		ADDED from src\main\AndroidManifest.xml:132:13-62
activity#com.vuforia.samples.VuforiaSamples.app.MultiTargets.MultiTargets
ADDED from src\main\AndroidManifest.xml:136:9-140:54
	android:launchMode
		ADDED from src\main\AndroidManifest.xml:139:13-44
	android:configChanges
		ADDED from src\main\AndroidManifest.xml:138:13-93
	android:theme
		ADDED from src\main\AndroidManifest.xml:140:13-51
	android:name
		ADDED from src\main\AndroidManifest.xml:137:13-58
activity#com.vuforia.samples.VuforiaSamples.app.CloudRecognition.CloudReco
ADDED from src\main\AndroidManifest.xml:141:9-145:54
	android:launchMode
		ADDED from src\main\AndroidManifest.xml:144:13-44
	android:configChanges
		ADDED from src\main\AndroidManifest.xml:143:13-93
	android:theme
		ADDED from src\main\AndroidManifest.xml:145:13-51
	android:name
		ADDED from src\main\AndroidManifest.xml:142:13-59
activity#com.vuforia.samples.VuforiaSamples.app.ObjectRecognition.ObjectTargets
ADDED from src\main\AndroidManifest.xml:146:9-150:54
	android:launchMode
		ADDED from src\main\AndroidManifest.xml:149:13-44
	android:configChanges
		ADDED from src\main\AndroidManifest.xml:148:13-93
	android:theme
		ADDED from src\main\AndroidManifest.xml:150:13-51
	android:name
		ADDED from src\main\AndroidManifest.xml:147:13-64
activity#com.vuforia.samples.VuforiaSamples.app.MapDirection.MapDirection
ADDED from src\main\AndroidManifest.xml:151:9-155:54
	android:launchMode
		ADDED from src\main\AndroidManifest.xml:154:13-44
	android:configChanges
		ADDED from src\main\AndroidManifest.xml:153:13-93
	android:theme
		ADDED from src\main\AndroidManifest.xml:155:13-51
	android:name
		ADDED from src\main\AndroidManifest.xml:152:13-58
activity#com.vuforia.samples.VuforiaSamples.ui.ActivityList.indexActivity
ADDED from src\main\AndroidManifest.xml:156:9-160:59
	android:launchMode
		ADDED from src\main\AndroidManifest.xml:159:13-44
	android:configChanges
		ADDED from src\main\AndroidManifest.xml:158:13-93
	android:theme
		ADDED from src\main\AndroidManifest.xml:160:13-56
	android:name
		ADDED from src\main\AndroidManifest.xml:157:13-58
activity#com.vuforia.samples.VuforiaSamples.app.iBeaconDetail.iBeaconDetail
ADDED from src\main\AndroidManifest.xml:161:9-165:59
	android:launchMode
		ADDED from src\main\AndroidManifest.xml:164:13-44
	android:configChanges
		ADDED from src\main\AndroidManifest.xml:163:13-93
	android:theme
		ADDED from src\main\AndroidManifest.xml:165:13-56
	android:name
		ADDED from src\main\AndroidManifest.xml:162:13-60
meta-data#com.google.android.geo.API_KEY
ADDED from src\main\AndroidManifest.xml:174:9-176:55
	android:value
		ADDED from src\main\AndroidManifest.xml:176:13-52
	android:name
		ADDED from src\main\AndroidManifest.xml:175:13-58
activity#com.vuforia.samples.VuforiaSamples.app.MapsActivity.MapsActivity
ADDED from src\main\AndroidManifest.xml:178:9-180:59
	android:label
		ADDED from src\main\AndroidManifest.xml:180:13-56
	android:name
		ADDED from src\main\AndroidManifest.xml:179:13-58
activity#com.vuforia.samples.VuforiaSamples.app.Transfer.Transfer
ADDED from src\main\AndroidManifest.xml:181:9-185:59
	android:launchMode
		ADDED from src\main\AndroidManifest.xml:184:13-44
	android:configChanges
		ADDED from src\main\AndroidManifest.xml:183:13-93
	android:theme
		ADDED from src\main\AndroidManifest.xml:185:13-56
	android:name
		ADDED from src\main\AndroidManifest.xml:182:13-50
activity#com.vuforia.samples.VuforiaSamples.app.About.About
ADDED from src\main\AndroidManifest.xml:186:9-190:59
	android:launchMode
		ADDED from src\main\AndroidManifest.xml:189:13-44
	android:configChanges
		ADDED from src\main\AndroidManifest.xml:188:13-93
	android:theme
		ADDED from src\main\AndroidManifest.xml:190:13-56
	android:name
		ADDED from src\main\AndroidManifest.xml:187:13-44
activity#com.vuforia.samples.VuforiaSamples.app.Living.Living
ADDED from src\main\AndroidManifest.xml:191:9-195:59
	android:launchMode
		ADDED from src\main\AndroidManifest.xml:194:13-44
	android:configChanges
		ADDED from src\main\AndroidManifest.xml:193:13-93
	android:theme
		ADDED from src\main\AndroidManifest.xml:195:13-56
	android:name
		ADDED from src\main\AndroidManifest.xml:192:13-46
activity#com.vuforia.samples.VuforiaSamples.app.Other.Other
ADDED from src\main\AndroidManifest.xml:196:9-200:59
	android:launchMode
		ADDED from src\main\AndroidManifest.xml:199:13-44
	android:configChanges
		ADDED from src\main\AndroidManifest.xml:198:13-93
	android:theme
		ADDED from src\main\AndroidManifest.xml:200:13-56
	android:name
		ADDED from src\main\AndroidManifest.xml:197:13-44
activity#com.vuforia.samples.VuforiaSamples.app.OtherImage.OtherImage
ADDED from src\main\AndroidManifest.xml:201:9-205:59
	android:launchMode
		ADDED from src\main\AndroidManifest.xml:204:13-44
	android:configChanges
		ADDED from src\main\AndroidManifest.xml:203:13-93
	android:theme
		ADDED from src\main\AndroidManifest.xml:205:13-56
	android:name
		ADDED from src\main\AndroidManifest.xml:202:13-54
activity#com.vuforia.samples.VuforiaSamples.app.Food.Food
ADDED from src\main\AndroidManifest.xml:206:9-209:59
	android:launchMode
		ADDED from src\main\AndroidManifest.xml:208:13-44
	android:configChanges
		ADDED from src\main\AndroidManifest.xml:207:13-93
	android:theme
		ADDED from src\main\AndroidManifest.xml:209:13-56
	android:name
		ADDED from src\main\AndroidManifest.xml:206:19-48
uses-permission#android.permission.BLUETOOTH_ADMIN
ADDED from [com.estimote:mgmtsdk:1.0.11] AndroidManifest.xml:11:5-74
MERGED from [com.estimote:coresdk:1.0.9] AndroidManifest.xml:11:5-74
MERGED from [com.estimote:coresdk:1.0.9] AndroidManifest.xml:11:5-74
	android:name
		ADDED from [com.estimote:mgmtsdk:1.0.11] AndroidManifest.xml:11:22-71
uses-permission-sdk-23#android.permission.ACCESS_COARSE_LOCATION
ADDED from [com.estimote:mgmtsdk:1.0.11] AndroidManifest.xml:13:5-88
MERGED from [com.estimote:coresdk:1.0.9] AndroidManifest.xml:13:5-88
MERGED from [com.estimote:coresdk:1.0.9] AndroidManifest.xml:13:5-88
	android:name
		ADDED from [com.estimote:mgmtsdk:1.0.11] AndroidManifest.xml:13:29-85
uses-feature#android.hardware.bluetooth_le
ADDED from [com.estimote:mgmtsdk:1.0.11] AndroidManifest.xml:18:5-20:36
MERGED from [com.estimote:coresdk:1.0.9] AndroidManifest.xml:18:5-20:36
MERGED from [com.estimote:coresdk:1.0.9] AndroidManifest.xml:18:5-20:36
	android:required
		ADDED from [com.estimote:mgmtsdk:1.0.11] AndroidManifest.xml:20:9-33
	android:name
		ADDED from [com.estimote:mgmtsdk:1.0.11] AndroidManifest.xml:19:9-53
service#com.estimote.mgmtsdk.connection.strategy.DeviceConnectionProviderService
ADDED from [com.estimote:mgmtsdk:1.0.11] AndroidManifest.xml:23:9-25:40
	android:exported
		ADDED from [com.estimote:mgmtsdk:1.0.11] AndroidManifest.xml:25:13-37
	android:name
		ADDED from [com.estimote:mgmtsdk:1.0.11] AndroidManifest.xml:24:13-100
service#com.estimote.mgmtsdk.repackaged.dfu_v0_6_1.no.nordicsemi.android.dfu.DfuBaseService
ADDED from [com.estimote:mgmtsdk:1.0.11] AndroidManifest.xml:26:9-119
	android:name
		ADDED from [com.estimote:mgmtsdk:1.0.11] AndroidManifest.xml:26:18-116
service#com.estimote.coresdk.service.BeaconService
ADDED from [com.estimote:coresdk:1.0.9] AndroidManifest.xml:23:9-25:40
	android:exported
		ADDED from [com.estimote:coresdk:1.0.9] AndroidManifest.xml:25:13-37
	android:name
		ADDED from [com.estimote:coresdk:1.0.9] AndroidManifest.xml:24:13-70
activity#com.estimote.coresdk.common.requirements.DefaultRequirementsCheckerCallback$Activity
ADDED from [com.estimote:coresdk:1.0.9] AndroidManifest.xml:27:9-29:56
	android:theme
		ADDED from [com.estimote:coresdk:1.0.9] AndroidManifest.xml:29:13-53
	android:name
		ADDED from [com.estimote:coresdk:1.0.9] AndroidManifest.xml:28:13-112
receiver#com.estimote.coresdk.scanning.scheduling.SystemAlarmManager$AlarmBroadcastReceiver
ADDED from [com.estimote:coresdk:1.0.9] AndroidManifest.xml:31:9-119
	android:name
		ADDED from [com.estimote:coresdk:1.0.9] AndroidManifest.xml:31:19-116
activity#com.google.android.gms.common.api.GoogleApiActivity
ADDED from [com.google.android.gms:play-services-base:15.0.1] AndroidManifest.xml:23:9-26:75
	android:exported
		ADDED from [com.google.android.gms:play-services-base:15.0.1] AndroidManifest.xml:25:13-37
	android:theme
		ADDED from [com.google.android.gms:play-services-base:15.0.1] AndroidManifest.xml:26:13-72
	android:name
		ADDED from [com.google.android.gms:play-services-base:15.0.1] AndroidManifest.xml:24:13-79
meta-data#com.google.android.gms.version
ADDED from [com.google.android.gms:play-services-basement:15.0.1] AndroidManifest.xml:23:9-25:69
	android:value
		ADDED from [com.google.android.gms:play-services-basement:15.0.1] AndroidManifest.xml:25:13-66
	android:name
		ADDED from [com.google.android.gms:play-services-basement:15.0.1] AndroidManifest.xml:24:13-58
meta-data#android.support.VERSION
ADDED from [com.android.support:support-v4:26.1.0] AndroidManifest.xml:26:9-28:38
MERGED from [com.android.support:support-media-compat:26.1.0] AndroidManifest.xml:26:9-28:38
MERGED from [com.android.support:support-media-compat:26.1.0] AndroidManifest.xml:26:9-28:38
MERGED from [com.android.support:support-fragment:26.1.0] AndroidManifest.xml:26:9-28:38
MERGED from [com.android.support:support-fragment:26.1.0] AndroidManifest.xml:26:9-28:38
MERGED from [com.android.support:support-core-utils:26.1.0] AndroidManifest.xml:26:9-28:38
MERGED from [com.android.support:support-core-utils:26.1.0] AndroidManifest.xml:26:9-28:38
MERGED from [com.android.support:support-core-ui:26.1.0] AndroidManifest.xml:26:9-28:38
MERGED from [com.android.support:support-core-ui:26.1.0] AndroidManifest.xml:26:9-28:38
MERGED from [com.android.support:support-compat:26.1.0] AndroidManifest.xml:26:9-28:38
MERGED from [com.android.support:support-compat:26.1.0] AndroidManifest.xml:26:9-28:38
	android:value
		ADDED from [com.android.support:support-v4:26.1.0] AndroidManifest.xml:28:13-35
	android:name
		ADDED from [com.android.support:support-v4:26.1.0] AndroidManifest.xml:27:13-51
meta-data#android.arch.lifecycle.VERSION
ADDED from [android.arch.lifecycle:runtime:1.0.0] AndroidManifest.xml:25:9-27:47
	android:value
		ADDED from [android.arch.lifecycle:runtime:1.0.0] AndroidManifest.xml:27:13-44
	android:name
		ADDED from [android.arch.lifecycle:runtime:1.0.0] AndroidManifest.xml:26:13-58